2017-06-27 10:48:35 1860 InnoDB: Warning: Using innodb_additional_mem_pool_size is DEPRECATED. This option may be removed in future releases, together with the option innodb_use_sys_malloc and with the InnoDB's internal memory allocator.
2017-06-27 10:48:35 6240 [Note] InnoDB: innodb_empty_free_list_algorithm has been changed to legacy because of small buffer pool size. In order to use backoff, increase buffer pool at least up to 20MB.

2017-06-27 10:48:35 6240 [Note] InnoDB: Using mutexes to ref count buffer pool pages
2017-06-27 10:48:35 6240 [Note] InnoDB: The InnoDB memory heap is disabled
2017-06-27 10:48:35 6240 [Note] InnoDB: Mutexes and rw_locks use Windows interlocked functions
2017-06-27 10:48:35 6240 [Note] InnoDB: _mm_lfence() and _mm_sfence() are used for memory barrier
2017-06-27 10:48:35 6240 [Note] InnoDB: Compressed tables use zlib 1.2.3
2017-06-27 10:48:35 6240 [Note] InnoDB: Using generic crc32 instructions
2017-06-27 10:48:35 6240 [Note] InnoDB: Initializing buffer pool, size = 16.0M
2017-06-27 10:48:35 6240 [Note] InnoDB: Completed initialization of buffer pool
2017-06-27 10:48:35 6240 [Note] InnoDB: Highest supported file format is Barracuda.
2017-06-27 10:48:35 6240 [Note] InnoDB: The log sequence numbers 16591571 and 16591571 in ibdata files do not match the log sequence number 17357133 in the ib_logfiles!
2017-06-27 10:48:35 6240 [Note] InnoDB: Database was not shutdown normally!
2017-06-27 10:48:35 6240 [Note] InnoDB: Starting crash recovery.
2017-06-27 10:48:35 6240 [Note] InnoDB: Reading tablespace information from the .ibd files...
2017-06-27 10:48:35 6240 [Note] InnoDB: Restoring possible half-written data pages 
2017-06-27 10:48:35 6240 [Note] InnoDB: from the doublewrite buffer...
2017-06-27 10:48:35 1860 InnoDB: Error: page 7 log sequence number 17403189
InnoDB: is in the future! Current system log sequence number 17357133.
InnoDB: Your database may be corrupt or you may have copied the InnoDB
InnoDB: tablespace but not the InnoDB log files. See
InnoDB: http://dev.mysql.com/doc/refman/5.6/en/forcing-innodb-recovery.html
InnoDB: for more information.
2017-06-27 10:48:35 1860 InnoDB: Error: page 11 log sequence number 17411185
InnoDB: is in the future! Current system log sequence number 17357133.
InnoDB: Your database may be corrupt or you may have copied the InnoDB
InnoDB: tablespace but not the InnoDB log files. See
InnoDB: http://dev.mysql.com/doc/refman/5.6/en/forcing-innodb-recovery.html
InnoDB: for more information.
2017-06-27 10:48:35 1860 InnoDB: Error: page 57 log sequence number 17358004
InnoDB: is in the future! Current system log sequence number 17357133.
InnoDB: Your database may be corrupt or you may have copied the InnoDB
InnoDB: tablespace but not the InnoDB log files. See
InnoDB: http://dev.mysql.com/doc/refman/5.6/en/forcing-innodb-recovery.html
InnoDB: for more information.
2017-06-27 10:48:35 1860 InnoDB: Error: page 540 log sequence number 17358004
InnoDB: is in the future! Current system log sequence number 17357133.
InnoDB: Your database may be corrupt or you may have copied the InnoDB
InnoDB: tablespace but not the InnoDB log files. See
InnoDB: http://dev.mysql.com/doc/refman/5.6/en/forcing-innodb-recovery.html
InnoDB: for more information.
2017-06-27 10:48:35 1860 InnoDB: Error: page 62 log sequence number 17358877
InnoDB: is in the future! Current system log sequence number 17357133.
InnoDB: Your database may be corrupt or you may have copied the InnoDB
InnoDB: tablespace but not the InnoDB log files. See
InnoDB: http://dev.mysql.com/doc/refman/5.6/en/forcing-innodb-recovery.html
InnoDB: for more information.
2017-06-27 10:48:35 1860 InnoDB: Error: page 483 log sequence number 17358877
InnoDB: is in the future! Current system log sequence number 17357133.
InnoDB: Your database may be corrupt or you may have copied the InnoDB
InnoDB: tablespace but not the InnoDB log files. See
InnoDB: http://dev.mysql.com/doc/refman/5.6/en/forcing-innodb-recovery.html
InnoDB: for more information.
2017-06-27 10:48:35 1860 InnoDB: Error: page 327 log sequence number 17359051
InnoDB: is in the future! Current system log sequence number 17357133.
InnoDB: Your database may be corrupt or you may have copied the InnoDB
InnoDB: tablespace but not the InnoDB log files. See
InnoDB: http://dev.mysql.com/doc/refman/5.6/en/forcing-innodb-recovery.html
InnoDB: for more information.
2017-06-27 10:48:35 1860 InnoDB: Error: page 328 log sequence number 17359213
InnoDB: is in the future! Current system log sequence number 17357133.
InnoDB: Your database may be corrupt or you may have copied the InnoDB
InnoDB: tablespace but not the InnoDB log files. See
InnoDB: http://dev.mysql.com/doc/refman/5.6/en/forcing-innodb-recovery.html
InnoDB: for more information.
2017-06-27 10:48:35 1860 InnoDB: Error: page 193 log sequence number 17360089
InnoDB: is in the future! Current system log sequence number 17357133.
InnoDB: Your database may be corrupt or you may have copied the InnoDB
InnoDB: tablespace but not the InnoDB log files. See
InnoDB: http://dev.mysql.com/doc/refman/5.6/en/forcing-innodb-recovery.html
InnoDB: for more information.
2017-06-27 10:48:35 1860 InnoDB: Error: page 566 log sequence number 17360089
InnoDB: is in the future! Current system log sequence number 17357133.
InnoDB: Your database may be corrupt or you may have copied the InnoDB
InnoDB: tablespace but not the InnoDB log files. See
InnoDB: http://dev.mysql.com/doc/refman/5.6/en/forcing-innodb-recovery.html
InnoDB: for more information.
2017-06-27 10:48:35 1860 InnoDB: Error: page 194 log sequence number 17360975
InnoDB: is in the future! Current system log sequence number 17357133.
InnoDB: Your database may be corrupt or you may have copied the InnoDB
InnoDB: tablespace but not the InnoDB log files. See
InnoDB: http://dev.mysql.com/doc/refman/5.6/en/forcing-innodb-recovery.html
InnoDB: for more information.
2017-06-27 10:48:35 1860 InnoDB: Error: page 468 log sequence number 17360975
InnoDB: is in the future! Current system log sequence number 17357133.
InnoDB: Your database may be corrupt or you may have copied the InnoDB
InnoDB: tablespace but not the InnoDB log files. See
InnoDB: http://dev.mysql.com/doc/refman/5.6/en/forcing-innodb-recovery.html
InnoDB: for more information.
2017-06-27 10:48:35 1860 InnoDB: Error: page 331 log sequence number 17361210
InnoDB: is in the future! Current system log sequence number 17357133.
InnoDB: Your database may be corrupt or you may have copied the InnoDB
InnoDB: tablespace but not the InnoDB log files. See
InnoDB: http://dev.mysql.com/doc/refman/5.6/en/forcing-innodb-recovery.html
InnoDB: for more information.
2017-06-27 10:48:35 1860 InnoDB: Error: page 198 log sequence number 17362086
InnoDB: is in the future! Current system log sequence number 17357133.
InnoDB: Your database may be corrupt or you may have copied the InnoDB
InnoDB: tablespace but not the InnoDB log files. See
InnoDB: http://dev.mysql.com/doc/refman/5.6/en/forcing-innodb-recovery.html
InnoDB: for more information.
2017-06-27 10:48:35 1860 InnoDB: Error: page 473 log sequence number 17362086
InnoDB: is in the future! Current system log sequence number 17357133.
InnoDB: Your database may be corrupt or you may have copied the InnoDB
InnoDB: tablespace but not the InnoDB log files. See
InnoDB: http://dev.mysql.com/doc/refman/5.6/en/forcing-innodb-recovery.html
InnoDB: for more information.
2017-06-27 10:48:35 1860 InnoDB: Error: page 199 log sequence number 17363694
InnoDB: is in the future! Current system log sequence number 17357133.
InnoDB: Your database may be corrupt or you may have copied the InnoDB
InnoDB: tablespace but not the InnoDB log files. See
InnoDB: http://dev.mysql.com/doc/refman/5.6/en/forcing-innodb-recovery.html
InnoDB: for more information.
2017-06-27 10:48:35 1860 InnoDB: Error: page 340 log sequence number 17363694
InnoDB: is in the future! Current system log sequence number 17357133.
InnoDB: Your database may be corrupt or you may have copied the InnoDB
InnoDB: tablespace but not the InnoDB log files. See
InnoDB: http://dev.mysql.com/doc/refman/5.6/en/forcing-innodb-recovery.html
InnoDB: for more information.
2017-06-27 10:48:35 1860 InnoDB: Error: page 533 log sequence number 17363694
InnoDB: is in the future! Current system log sequence number 17357133.
InnoDB: Your database may be corrupt or you may have copied the InnoDB
InnoDB: tablespace but not the InnoDB log files. See
InnoDB: http://dev.mysql.com/doc/refman/5.6/en/forcing-innodb-recovery.html
InnoDB: for more information.
2017-06-27 10:48:35 1860 InnoDB: Error: page 200 log sequence number 17364588
InnoDB: is in the future! Current system log sequence number 17357133.
InnoDB: Your database may be corrupt or you may have copied the InnoDB
InnoDB: tablespace but not the InnoDB log files. See
InnoDB: http://dev.mysql.com/doc/refman/5.6/en/forcing-innodb-recovery.html
InnoDB: for more information.
2017-06-27 10:48:35 1860 InnoDB: Error: page 476 log sequence number 17364588
InnoDB: is in the future! Current system log sequence number 17357133.
InnoDB: Your database may be corrupt or you may have copied the InnoDB
InnoDB: tablespace but not the InnoDB log files. See
InnoDB: http://dev.mysql.com/doc/refman/5.6/en/forcing-innodb-recovery.html
InnoDB: for more information.
2017-06-27 10:48:35 1860 InnoDB: Error: page 351 log sequence number 17371305
InnoDB: is in the future! Current system log sequence number 17357133.
InnoDB: Your database may be corrupt or you may have copied the InnoDB
InnoDB: tablespace but not the InnoDB log files. See
InnoDB: http://dev.mysql.com/doc/refman/5.6/en/forcing-innodb-recovery.html
InnoDB: for more information.
2017-06-27 10:48:35 1860 InnoDB: Error: page 204 log sequence number 17374861
InnoDB: is in the future! Current system log sequence number 17357133.
InnoDB: Your database may be corrupt or you may have copied the InnoDB
InnoDB: tablespace but not the InnoDB log files. See
InnoDB: http://dev.mysql.com/doc/refman/5.6/en/forcing-innodb-recovery.html
InnoDB: for more information.
2017-06-27 10:48:35 1860 InnoDB: Error: page 352 log sequence number 17374861
InnoDB: is in the future! Current system log sequence number 17357133.
InnoDB: Your database may be corrupt or you may have copied the InnoDB
InnoDB: tablespace but not the InnoDB log files. See
InnoDB: http://dev.mysql.com/doc/refman/5.6/en/forcing-innodb-recovery.html
InnoDB: for more information.
2017-06-27 10:48:35 1860 InnoDB: Error: page 509 log sequence number 17374861
InnoDB: is in the future! Current system log sequence number 17357133.
InnoDB: Your database may be corrupt or you may have copied the InnoDB
InnoDB: tablespace but not the InnoDB log files. See
InnoDB: http://dev.mysql.com/doc/refman/5.6/en/forcing-innodb-recovery.html
InnoDB: for more information.
2017-06-27 10:48:35 1860 InnoDB: Error: page 205 log sequence number 17375184
InnoDB: is in the future! Current system log sequence number 17357133.
InnoDB: Your database may be corrupt or you may have copied the InnoDB
InnoDB: tablespace but not the InnoDB log files. See
InnoDB: http://dev.mysql.com/doc/refman/5.6/en/forcing-innodb-recovery.html
InnoDB: for more information.
2017-06-27 10:48:35 1860 InnoDB: Error: page 337 log sequence number 17375184
InnoDB: is in the future! Current system log sequence number 17357133.
InnoDB: Your database may be corrupt or you may have copied the InnoDB
InnoDB: tablespace but not the InnoDB log files. See
InnoDB: http://dev.mysql.com/doc/refman/5.6/en/forcing-innodb-recovery.html
InnoDB: for more information.
2017-06-27 10:48:35 1860 InnoDB: Error: page 206 log sequence number 17376894
InnoDB: is in the future! Current system log sequence number 17357133.
InnoDB: Your database may be corrupt or you may have copied the InnoDB
InnoDB: tablespace but not the InnoDB log files. See
InnoDB: http://dev.mysql.com/doc/refman/5.6/en/forcing-innodb-recovery.html
InnoDB: for more information.
2017-06-27 10:48:35 1860 InnoDB: Error: page 469 log sequence number 17376894
InnoDB: is in the future! Current system log sequence number 17357133.
InnoDB: Your database may be corrupt or you may have copied the InnoDB
InnoDB: tablespace but not the InnoDB log files. See
InnoDB: http://dev.mysql.com/doc/refman/5.6/en/forcing-innodb-recovery.html
InnoDB: for more information.
2017-06-27 10:48:35 1860 InnoDB: Error: page 207 log sequence number 17378479
InnoDB: is in the future! Current system log sequence number 17357133.
InnoDB: Your database may be corrupt or you may have copied the InnoDB
InnoDB: tablespace but not the InnoDB log files. See
InnoDB: http://dev.mysql.com/doc/refman/5.6/en/forcing-innodb-recovery.html
InnoDB: for more information.
2017-06-27 10:48:35 1860 InnoDB: Error: page 487 log sequence number 17378479
InnoDB: is in the future! Current system log sequence number 17357133.
InnoDB: Your database may be corrupt or you may have copied the InnoDB
InnoDB: tablespace but not the InnoDB log files. See
InnoDB: http://dev.mysql.com/doc/refman/5.6/en/forcing-innodb-recovery.html
InnoDB: for more information.
2017-06-27 10:48:35 1860 InnoDB: Error: page 359 log sequence number 17378741
InnoDB: is in the future! Current system log sequence number 17357133.
InnoDB: Your database may be corrupt or you may have copied the InnoDB
InnoDB: tablespace but not the InnoDB log files. See
InnoDB: http://dev.mysql.com/doc/refman/5.6/en/forcing-innodb-recovery.html
InnoDB: for more information.
2017-06-27 10:48:35 1860 InnoDB: Error: page 212 log sequence number 17380676
InnoDB: is in the future! Current system log sequence number 17357133.
InnoDB: Your database may be corrupt or you may have copied the InnoDB
InnoDB: tablespace but not the InnoDB log files. See
InnoDB: http://dev.mysql.com/doc/refman/5.6/en/forcing-innodb-recovery.html
InnoDB: for more information.
2017-06-27 10:48:35 1860 InnoDB: Error: page 503 log sequence number 17380676
InnoDB: is in the future! Current system log sequence number 17357133.
InnoDB: Your database may be corrupt or you may have copied the InnoDB
InnoDB: tablespace but not the InnoDB log files. See
InnoDB: http://dev.mysql.com/doc/refman/5.6/en/forcing-innodb-recovery.html
InnoDB: for more information.
2017-06-27 10:48:35 1860 InnoDB: Error: page 365 log sequence number 17387461
InnoDB: is in the future! Current system log sequence number 17357133.
InnoDB: Your database may be corrupt or you may have copied the InnoDB
InnoDB: tablespace but not the InnoDB log files. See
InnoDB: http://dev.mysql.com/doc/refman/5.6/en/forcing-innodb-recovery.html
InnoDB: for more information.
2017-06-27 10:48:35 1860 InnoDB: Error: page 218 log sequence number 17391130
InnoDB: is in the future! Current system log sequence number 17357133.
InnoDB: Your database may be corrupt or you may have copied the InnoDB
InnoDB: tablespace but not the InnoDB log files. See
InnoDB: http://dev.mysql.com/doc/refman/5.6/en/forcing-innodb-recovery.html
InnoDB: for more information.
2017-06-27 10:48:35 1860 InnoDB: Error: page 366 log sequence number 17391130
InnoDB: is in the future! Current system log sequence number 17357133.
InnoDB: Your database may be corrupt or you may have copied the InnoDB
InnoDB: tablespace but not the InnoDB log files. See
InnoDB: http://dev.mysql.com/doc/refman/5.6/en/forcing-innodb-recovery.html
InnoDB: for more information.
2017-06-27 10:48:35 1860 InnoDB: Error: page 558 log sequence number 17391130
InnoDB: is in the future! Current system log sequence number 17357133.
InnoDB: Your database may be corrupt or you may have copied the InnoDB
InnoDB: tablespace but not the InnoDB log files. See
InnoDB: http://dev.mysql.com/doc/refman/5.6/en/forcing-innodb-recovery.html
InnoDB: for more information.
2017-06-27 10:48:35 1860 InnoDB: Error: page 219 log sequence number 17391455
InnoDB: is in the future! Current system log sequence number 17357133.
InnoDB: Your database may be corrupt or you may have copied the InnoDB
InnoDB: tablespace but not the InnoDB log files. See
InnoDB: http://dev.mysql.com/doc/refman/5.6/en/forcing-innodb-recovery.html
InnoDB: for more information.
2017-06-27 10:48:36 1860 InnoDB: Error: page 495 log sequence number 17391455
InnoDB: is in the future! Current system log sequence number 17357133.
InnoDB: Your database may be corrupt or you may have copied the InnoDB
InnoDB: tablespace but not the InnoDB log files. See
InnoDB: http://dev.mysql.com/doc/refman/5.6/en/forcing-innodb-recovery.html
InnoDB: for more information.
2017-06-27 10:48:36 1860 InnoDB: Error: page 220 log sequence number 17393908
InnoDB: is in the future! Current system log sequence number 17357133.
InnoDB: Your database may be corrupt or you may have copied the InnoDB
InnoDB: tablespace but not the InnoDB log files. See
InnoDB: http://dev.mysql.com/doc/refman/5.6/en/forcing-innodb-recovery.html
InnoDB: for more information.
2017-06-27 10:48:36 1860 InnoDB: Error: page 341 log sequence number 17393908
InnoDB: is in the future! Current system log sequence number 17357133.
InnoDB: Your database may be corrupt or you may have copied the InnoDB
InnoDB: tablespace but not the InnoDB log files. See
InnoDB: http://dev.mysql.com/doc/refman/5.6/en/forcing-innodb-recovery.html
InnoDB: for more information.
2017-06-27 10:48:36 1860 InnoDB: Error: page 548 log sequence number 17393908
InnoDB: is in the future! Current system log sequence number 17357133.
InnoDB: Your database may be corrupt or you may have copied the InnoDB
InnoDB: tablespace but not the InnoDB log files. See
InnoDB: http://dev.mysql.com/doc/refman/5.6/en/forcing-innodb-recovery.html
InnoDB: for more information.
2017-06-27 10:48:36 1860 InnoDB: Error: page 221 log sequence number 17395568
InnoDB: is in the future! Current system log sequence number 17357133.
InnoDB: Your database may be corrupt or you may have copied the InnoDB
InnoDB: tablespace but not the InnoDB log files. See
InnoDB: http://dev.mysql.com/doc/refman/5.6/en/forcing-innodb-recovery.html
InnoDB: for more information.
2017-06-27 10:48:36 1860 InnoDB: Error: page 477 log sequence number 17395568
InnoDB: is in the future! Current system log sequence number 17357133.
InnoDB: Your database may be corrupt or you may have copied the InnoDB
InnoDB: tablespace but not the InnoDB log files. See
InnoDB: http://dev.mysql.com/doc/refman/5.6/en/forcing-innodb-recovery.html
InnoDB: for more information.
2017-06-27 10:48:36 1860 InnoDB: Error: page 373 log sequence number 17395789
InnoDB: is in the future! Current system log sequence number 17357133.
InnoDB: Your database may be corrupt or you may have copied the InnoDB
InnoDB: tablespace but not the InnoDB log files. See
InnoDB: http://dev.mysql.com/doc/refman/5.6/en/forcing-innodb-recovery.html
InnoDB: for more information.
2017-06-27 10:48:36 1860 InnoDB: Error: page 226 log sequence number 17397647
InnoDB: is in the future! Current system log sequence number 17357133.
InnoDB: Your database may be corrupt or you may have copied the InnoDB
InnoDB: tablespace but not the InnoDB log files. See
InnoDB: http://dev.mysql.com/doc/refman/5.6/en/forcing-innodb-recovery.html
InnoDB: for more information.
2017-06-27 10:48:36 1860 InnoDB: Error: page 335 log sequence number 17397647
InnoDB: is in the future! Current system log sequence number 17357133.
InnoDB: Your database may be corrupt or you may have copied the InnoDB
InnoDB: tablespace but not the InnoDB log files. See
InnoDB: http://dev.mysql.com/doc/refman/5.6/en/forcing-innodb-recovery.html
InnoDB: for more information.
2017-06-27 10:48:36 1860 InnoDB: Error: page 229 log sequence number 17398576
InnoDB: is in the future! Current system log sequence number 17357133.
InnoDB: Your database may be corrupt or you may have copied the InnoDB
InnoDB: tablespace but not the InnoDB log files. See
InnoDB: http://dev.mysql.com/doc/refman/5.6/en/forcing-innodb-recovery.html
InnoDB: for more information.
2017-06-27 10:48:36 1860 InnoDB: Error: page 480 log sequence number 17398576
InnoDB: is in the future! Current system log sequence number 17357133.
InnoDB: Your database may be corrupt or you may have copied the InnoDB
InnoDB: tablespace but not the InnoDB log files. See
InnoDB: http://dev.mysql.com/doc/refman/5.6/en/forcing-innodb-recovery.html
InnoDB: for more information.
2017-06-27 10:48:36 1860 InnoDB: Error: page 379 log sequence number 17404609
InnoDB: is in the future! Current system log sequence number 17357133.
InnoDB: Your database may be corrupt or you may have copied the InnoDB
InnoDB: tablespace but not the InnoDB log files. See
InnoDB: http://dev.mysql.com/doc/refman/5.6/en/forcing-innodb-recovery.html
InnoDB: for more information.
2017-06-27 10:48:36 1860 InnoDB: Error: page 232 log sequence number 17406671
InnoDB: is in the future! Current system log sequence number 17357133.
InnoDB: Your database may be corrupt or you may have copied the InnoDB
InnoDB: tablespace but not the InnoDB log files. See
InnoDB: http://dev.mysql.com/doc/refman/5.6/en/forcing-innodb-recovery.html
InnoDB: for more information.
2017-06-27 10:48:36 1860 InnoDB: Error: page 380 log sequence number 17406671
InnoDB: is in the future! Current system log sequence number 17357133.
InnoDB: Your database may be corrupt or you may have copied the InnoDB
InnoDB: tablespace but not the InnoDB log files. See
InnoDB: http://dev.mysql.com/doc/refman/5.6/en/forcing-innodb-recovery.html
InnoDB: for more information.
2017-06-27 10:48:36 1860 InnoDB: Error: page 621 log sequence number 17406671
InnoDB: is in the future! Current system log sequence number 17357133.
InnoDB: Your database may be corrupt or you may have copied the InnoDB
InnoDB: tablespace but not the InnoDB log files. See
InnoDB: http://dev.mysql.com/doc/refman/5.6/en/forcing-innodb-recovery.html
InnoDB: for more information.
2017-06-27 10:48:36 1860 InnoDB: Error: page 233 log sequence number 17406996
InnoDB: is in the future! Current system log sequence number 17357133.
InnoDB: Your database may be corrupt or you may have copied the InnoDB
InnoDB: tablespace but not the InnoDB log files. See
InnoDB: http://dev.mysql.com/doc/refman/5.6/en/forcing-innodb-recovery.html
InnoDB: for more information.
2017-06-27 10:48:36 1860 InnoDB: Error: page 552 log sequence number 17406996
InnoDB: is in the future! Current system log sequence number 17357133.
InnoDB: Your database may be corrupt or you may have copied the InnoDB
InnoDB: tablespace but not the InnoDB log files. See
InnoDB: http://dev.mysql.com/doc/refman/5.6/en/forcing-innodb-recovery.html
InnoDB: for more information.
2017-06-27 10:48:36 1860 InnoDB: Error: page 234 log sequence number 17407934
InnoDB: is in the future! Current system log sequence number 17357133.
InnoDB: Your database may be corrupt or you may have copied the InnoDB
InnoDB: tablespace but not the InnoDB log files. See
InnoDB: http://dev.mysql.com/doc/refman/5.6/en/forcing-innodb-recovery.html
InnoDB: for more information.
2017-06-27 10:48:36 1860 InnoDB: Error: page 591 log sequence number 17407934
InnoDB: is in the future! Current system log sequence number 17357133.
InnoDB: Your database may be corrupt or you may have copied the InnoDB
InnoDB: tablespace but not the InnoDB log files. See
InnoDB: http://dev.mysql.com/doc/refman/5.6/en/forcing-innodb-recovery.html
InnoDB: for more information.
2017-06-27 10:48:36 1860 InnoDB: Error: page 235 log sequence number 17409812
InnoDB: is in the future! Current system log sequence number 17357133.
InnoDB: Your database may be corrupt or you may have copied the InnoDB
InnoDB: tablespace but not the InnoDB log files. See
InnoDB: http://dev.mysql.com/doc/refman/5.6/en/forcing-innodb-recovery.html
InnoDB: for more information.
2017-06-27 10:48:36 1860 InnoDB: Error: page 491 log sequence number 17409812
InnoDB: is in the future! Current system log sequence number 17357133.
InnoDB: Your database may be corrupt or you may have copied the InnoDB
InnoDB: tablespace but not the InnoDB log files. See
InnoDB: http://dev.mysql.com/doc/refman/5.6/en/forcing-innodb-recovery.html
InnoDB: for more information.
2017-06-27 10:48:36 1860 InnoDB: Error: page 387 log sequence number 17409999
InnoDB: is in the future! Current system log sequence number 17357133.
InnoDB: Your database may be corrupt or you may have copied the InnoDB
InnoDB: tablespace but not the InnoDB log files. See
InnoDB: http://dev.mysql.com/doc/refman/5.6/en/forcing-innodb-recovery.html
InnoDB: for more information.
2017-06-27 10:48:36 1860 InnoDB: Error: page 240 log sequence number 17411093
InnoDB: is in the future! Current system log sequence number 17357133.
InnoDB: Your database may be corrupt or you may have copied the InnoDB
InnoDB: tablespace but not the InnoDB log files. See
InnoDB: http://dev.mysql.com/doc/refman/5.6/en/forcing-innodb-recovery.html
InnoDB: for more information.
2017-06-27 10:48:36 1860 InnoDB: Error: page 488 log sequence number 17411093
InnoDB: is in the future! Current system log sequence number 17357133.
InnoDB: Your database may be corrupt or you may have copied the InnoDB
InnoDB: tablespace but not the InnoDB log files. See
InnoDB: http://dev.mysql.com/doc/refman/5.6/en/forcing-innodb-recovery.html
InnoDB: for more information.
2017-06-27 10:48:36 1860 InnoDB: Error: page 391 log sequence number 17411567
InnoDB: is in the future! Current system log sequence number 17357133.
InnoDB: Your database may be corrupt or you may have copied the InnoDB
InnoDB: tablespace but not the InnoDB log files. See
InnoDB: http://dev.mysql.com/doc/refman/5.6/en/forcing-innodb-recovery.html
InnoDB: for more information.
2017-06-27 10:48:36 1860 InnoDB: Error: page 393 log sequence number 17411934
InnoDB: is in the future! Current system log sequence number 17357133.
InnoDB: Your database may be corrupt or you may have copied the InnoDB
InnoDB: tablespace but not the InnoDB log files. See
InnoDB: http://dev.mysql.com/doc/refman/5.6/en/forcing-innodb-recovery.html
InnoDB: for more information.
2017-06-27 10:48:36 1860 InnoDB: Error: page 247 log sequence number 17412565
InnoDB: is in the future! Current system log sequence number 17357133.
InnoDB: Your database may be corrupt or you may have copied the InnoDB
InnoDB: tablespace but not the InnoDB log files. See
InnoDB: http://dev.mysql.com/doc/refman/5.6/en/forcing-innodb-recovery.html
InnoDB: for more information.
2017-06-27 10:48:36 1860 InnoDB: Error: page 394 log sequence number 17412565
InnoDB: is in the future! Current system log sequence number 17357133.
InnoDB: Your database may be corrupt or you may have copied the InnoDB
InnoDB: tablespace but not the InnoDB log files. See
InnoDB: http://dev.mysql.com/doc/refman/5.6/en/forcing-innodb-recovery.html
InnoDB: for more information.
2017-06-27 10:48:36 1860 InnoDB: Error: page 567 log sequence number 17412565
InnoDB: is in the future! Current system log sequence number 17357133.
InnoDB: Your database may be corrupt or you may have copied the InnoDB
InnoDB: tablespace but not the InnoDB log files. See
InnoDB: http://dev.mysql.com/doc/refman/5.6/en/forcing-innodb-recovery.html
InnoDB: for more information.
2017-06-27 10:48:36 1860 InnoDB: Error: page 248 log sequence number 17412919
InnoDB: is in the future! Current system log sequence number 17357133.
InnoDB: Your database may be corrupt or you may have copied the InnoDB
InnoDB: tablespace but not the InnoDB log files. See
InnoDB: http://dev.mysql.com/doc/refman/5.6/en/forcing-innodb-recovery.html
InnoDB: for more information.
2017-06-27 10:48:36 1860 InnoDB: Error: page 574 log sequence number 17412919
InnoDB: is in the future! Current system log sequence number 17357133.
InnoDB: Your database may be corrupt or you may have copied the InnoDB
InnoDB: tablespace but not the InnoDB log files. See
InnoDB: http://dev.mysql.com/doc/refman/5.6/en/forcing-innodb-recovery.html
InnoDB: for more information.
2017-06-27 10:48:36 1860 InnoDB: Error: page 249 log sequence number 17414825
InnoDB: is in the future! Current system log sequence number 17357133.
InnoDB: Your database may be corrupt or you may have copied the InnoDB
InnoDB: tablespace but not the InnoDB log files. See
InnoDB: http://dev.mysql.com/doc/refman/5.6/en/forcing-innodb-recovery.html
InnoDB: for more information.
2017-06-27 10:48:36 1860 InnoDB: Error: page 561 log sequence number 17414825
InnoDB: is in the future! Current system log sequence number 17357133.
InnoDB: Your database may be corrupt or you may have copied the InnoDB
InnoDB: tablespace but not the InnoDB log files. See
InnoDB: http://dev.mysql.com/doc/refman/5.6/en/forcing-innodb-recovery.html
InnoDB: for more information.
2017-06-27 10:48:36 1860 InnoDB: Error: page 251 log sequence number 17415778
InnoDB: is in the future! Current system log sequence number 17357133.
InnoDB: Your database may be corrupt or you may have copied the InnoDB
InnoDB: tablespace but not the InnoDB log files. See
InnoDB: http://dev.mysql.com/doc/refman/5.6/en/forcing-innodb-recovery.html
InnoDB: for more information.
2017-06-27 10:48:36 1860 InnoDB: Error: page 602 log sequence number 17415778
InnoDB: is in the future! Current system log sequence number 17357133.
InnoDB: Your database may be corrupt or you may have copied the InnoDB
InnoDB: tablespace but not the InnoDB log files. See
InnoDB: http://dev.mysql.com/doc/refman/5.6/en/forcing-innodb-recovery.html
InnoDB: for more information.
2017-06-27 10:48:36 1860 InnoDB: Error: page 8 log sequence number 17411103
InnoDB: is in the future! Current system log sequence number 17357133.
InnoDB: Your database may be corrupt or you may have copied the InnoDB
InnoDB: tablespace but not the InnoDB log files. See
InnoDB: http://dev.mysql.com/doc/refman/5.6/en/forcing-innodb-recovery.html
InnoDB: for more information.
2017-06-27 10:48:36 1860 InnoDB: Error: page 10 log sequence number 17411158
InnoDB: is in the future! Current system log sequence number 17357133.
InnoDB: Your database may be corrupt or you may have copied the InnoDB
InnoDB: tablespace but not the InnoDB log files. See
InnoDB: http://dev.mysql.com/doc/refman/5.6/en/forcing-innodb-recovery.html
InnoDB: for more information.
2017-06-27 10:48:36 1860 InnoDB: Error: page 11 log sequence number 17411185
InnoDB: is in the future! Current system log sequence number 17357133.
InnoDB: Your database may be corrupt or you may have copied the InnoDB
InnoDB: tablespace but not the InnoDB log files. See
InnoDB: http://dev.mysql.com/doc/refman/5.6/en/forcing-innodb-recovery.html
InnoDB: for more information.
2017-06-27 10:48:36 1860 InnoDB: Error: page 12 log sequence number 17411190
InnoDB: is in the future! Current system log sequence number 17357133.
InnoDB: Your database may be corrupt or you may have copied the InnoDB
InnoDB: tablespace but not the InnoDB log files. See
InnoDB: http://dev.mysql.com/doc/refman/5.6/en/forcing-innodb-recovery.html
InnoDB: for more information.
2017-06-27 10:48:36 1860 InnoDB: Error: page 7 log sequence number 17403189
InnoDB: is in the future! Current system log sequence number 17357133.
InnoDB: Your database may be corrupt or you may have copied the InnoDB
InnoDB: tablespace but not the InnoDB log files. See
InnoDB: http://dev.mysql.com/doc/refman/5.6/en/forcing-innodb-recovery.html
InnoDB: for more information.
2017-06-27 10:48:36 1860 InnoDB: Error: page 308 log sequence number 17411164
InnoDB: is in the future! Current system log sequence number 17357133.
InnoDB: Your database may be corrupt or you may have copied the InnoDB
InnoDB: tablespace but not the InnoDB log files. See
InnoDB: http://dev.mysql.com/doc/refman/5.6/en/forcing-innodb-recovery.html
InnoDB: for more information.
2017-06-27 10:48:36 6240 [Note] InnoDB: 128 rollback segment(s) are active.
2017-06-27 10:48:36 6240 [Note] InnoDB: Waiting for purge to start
2017-06-27 10:48:36 36dc InnoDB: Error: page 9 log sequence number 17411098
InnoDB: is in the future! Current system log sequence number 17357143.
InnoDB: Your database may be corrupt or you may have copied the InnoDB
InnoDB: tablespace but not the InnoDB log files. See
InnoDB: http://dev.mysql.com/doc/refman/5.6/en/forcing-innodb-recovery.html
InnoDB: for more information.
2017-06-27 10:48:36 36dc InnoDB: Error: page 3 log sequence number 17412827
InnoDB: is in the future! Current system log sequence number 17357143.
InnoDB: Your database may be corrupt or you may have copied the InnoDB
InnoDB: tablespace but not the InnoDB log files. See
InnoDB: http://dev.mysql.com/doc/refman/5.6/en/forcing-innodb-recovery.html
InnoDB: for more information.
2017-06-27 10:48:36 36dc InnoDB: Error: page 3 log sequence number 17414733
InnoDB: is in the future! Current system log sequence number 17357143.
InnoDB: Your database may be corrupt or you may have copied the InnoDB
InnoDB: tablespace but not the InnoDB log files. See
InnoDB: http://dev.mysql.com/doc/refman/5.6/en/forcing-innodb-recovery.html
InnoDB: for more information.
2017-06-27 10:48:36 36dc InnoDB: Error: page 307 log sequence number 17411170
InnoDB: is in the future! Current system log sequence number 17357143.
InnoDB: Your database may be corrupt or you may have copied the InnoDB
InnoDB: tablespace but not the InnoDB log files. See
InnoDB: http://dev.mysql.com/doc/refman/5.6/en/forcing-innodb-recovery.html
InnoDB: for more information.
2017-06-27 10:48:36 1860 InnoDB: Error: page 0 log sequence number 17392239
InnoDB: is in the future! Current system log sequence number 17357143.
InnoDB: Your database may be corrupt or you may have copied the InnoDB
InnoDB: tablespace but not the InnoDB log files. See
InnoDB: http://dev.mysql.com/doc/refman/5.6/en/forcing-innodb-recovery.html
InnoDB: for more information.
2017-06-27 10:48:36 6240 [Note] InnoDB:  Percona XtraDB (http://www.percona.com) 5.6.32-79.0 started; log sequence number 17357133
2017-06-27 10:48:36 13128 [Note] InnoDB: Dumping buffer pool(s) not yet started
2017-06-27 10:48:36 36dc InnoDB: Error: page 340 log sequence number 17363694
InnoDB: is in the future! Current system log sequence number 17357143.
InnoDB: Your database may be corrupt or you may have copied the InnoDB
InnoDB: tablespace but not the InnoDB log files. See
InnoDB: http://dev.mysql.com/doc/refman/5.6/en/forcing-innodb-recovery.html
InnoDB: for more information.
2017-06-27 10:48:36 36dc InnoDB: Error: page 4 log sequence number 17414839
InnoDB: is in the future! Current system log sequence number 17357143.
InnoDB: Your database may be corrupt or you may have copied the InnoDB
InnoDB: tablespace but not the InnoDB log files. See
InnoDB: http://dev.mysql.com/doc/refman/5.6/en/forcing-innodb-recovery.html
InnoDB: for more information.
2017-06-27 10:48:36 36dc InnoDB: Error: page 1 log sequence number 17403377
InnoDB: is in the future! Current system log sequence number 17357143.
InnoDB: Your database may be corrupt or you may have copied the InnoDB
InnoDB: tablespace but not the InnoDB log files. See
InnoDB: http://dev.mysql.com/doc/refman/5.6/en/forcing-innodb-recovery.html
InnoDB: for more information.
2017-06-27 10:48:36 36dc InnoDB: Error: page 3 log sequence number 17414877
InnoDB: is in the future! Current system log sequence number 17357143.
InnoDB: Your database may be corrupt or you may have copied the InnoDB
InnoDB: tablespace but not the InnoDB log files. See
InnoDB: http://dev.mysql.com/doc/refman/5.6/en/forcing-innodb-recovery.html
InnoDB: for more information.
2017-06-27 10:48:36 6240 [Note] Plugin 'FEEDBACK' is disabled.
2017-06-27 10:48:36 6240 [Note] Server socket created on IP: '::'.
2017-06-27 10:48:36 6240 [Note] c:\xampp\mysql\bin\mysqld.exe: ready for connections.
Version: '10.1.19-MariaDB'  socket: ''  port: 3306  mariadb.org binary distribution
2017-06-27 10:49:00 25c8 InnoDB: Error: page 3 log sequence number 17361203
InnoDB: is in the future! Current system log sequence number 17357143.
InnoDB: Your database may be corrupt or you may have copied the InnoDB
InnoDB: tablespace but not the InnoDB log files. See
InnoDB: http://dev.mysql.com/doc/refman/5.6/en/forcing-innodb-recovery.html
InnoDB: for more information.
2017-06-27 12:35:18 2df4 InnoDB: Error: page 0 log sequence number 17404602
InnoDB: is in the future! Current system log sequence number 17357163.
InnoDB: Your database may be corrupt or you may have copied the InnoDB
InnoDB: tablespace but not the InnoDB log files. See
InnoDB: http://dev.mysql.com/doc/refman/5.6/en/forcing-innodb-recovery.html
InnoDB: for more information.
2017-06-27 12:35:41 2df4 InnoDB: Error: page 3 log sequence number 17389043
InnoDB: is in the future! Current system log sequence number 17357163.
InnoDB: Your database may be corrupt or you may have copied the InnoDB
InnoDB: tablespace but not the InnoDB log files. See
InnoDB: http://dev.mysql.com/doc/refman/5.6/en/forcing-innodb-recovery.html
InnoDB: for more information.
2017-06-27 12:35:41 2df4 InnoDB: Error: page 1 log sequence number 17386245
InnoDB: is in the future! Current system log sequence number 17357163.
InnoDB: Your database may be corrupt or you may have copied the InnoDB
InnoDB: tablespace but not the InnoDB log files. See
InnoDB: http://dev.mysql.com/doc/refman/5.6/en/forcing-innodb-recovery.html
InnoDB: for more information.
2017-06-27 12:56:26 43c InnoDB: Error: page 3 log sequence number 17415645
InnoDB: is in the future! Current system log sequence number 17357357.
InnoDB: Your database may be corrupt or you may have copied the InnoDB
InnoDB: tablespace but not the InnoDB log files. See
InnoDB: http://dev.mysql.com/doc/refman/5.6/en/forcing-innodb-recovery.html
InnoDB: for more information.
2017-06-27 12:56:26 43c InnoDB: Error: page 566 log sequence number 17360089
InnoDB: is in the future! Current system log sequence number 17357357.
InnoDB: Your database may be corrupt or you may have copied the InnoDB
InnoDB: tablespace but not the InnoDB log files. See
InnoDB: http://dev.mysql.com/doc/refman/5.6/en/forcing-innodb-recovery.html
InnoDB: for more information.
2017-06-27 12:56:26 43c InnoDB: Error: page 193 log sequence number 17360089
InnoDB: is in the future! Current system log sequence number 17358127.
InnoDB: Your database may be corrupt or you may have copied the InnoDB
InnoDB: tablespace but not the InnoDB log files. See
InnoDB: http://dev.mysql.com/doc/refman/5.6/en/forcing-innodb-recovery.html
InnoDB: for more information.
2017-06-27 12:56:33 43c InnoDB: Error: page 331 log sequence number 17361210
InnoDB: is in the future! Current system log sequence number 17358226.
InnoDB: Your database may be corrupt or you may have copied the InnoDB
InnoDB: tablespace but not the InnoDB log files. See
InnoDB: http://dev.mysql.com/doc/refman/5.6/en/forcing-innodb-recovery.html
InnoDB: for more information.
2017-06-27 13:05:36 3070 InnoDB: Error: page 473 log sequence number 17362086
InnoDB: is in the future! Current system log sequence number 17358508.
InnoDB: Your database may be corrupt or you may have copied the InnoDB
InnoDB: tablespace but not the InnoDB log files. See
InnoDB: http://dev.mysql.com/doc/refman/5.6/en/forcing-innodb-recovery.html
InnoDB: for more information.
2017-06-27 13:05:36 3070 InnoDB: Error: page 198 log sequence number 17362086
InnoDB: is in the future! Current system log sequence number 17358761.
InnoDB: Your database may be corrupt or you may have copied the InnoDB
InnoDB: tablespace but not the InnoDB log files. See
InnoDB: http://dev.mysql.com/doc/refman/5.6/en/forcing-innodb-recovery.html
InnoDB: for more information.
2017-06-27 13:05:36 3070 InnoDB: Error: page 199 log sequence number 17363694
InnoDB: is in the future! Current system log sequence number 17359792.
InnoDB: Your database may be corrupt or you may have copied the InnoDB
InnoDB: tablespace but not the InnoDB log files. See
InnoDB: http://dev.mysql.com/doc/refman/5.6/en/forcing-innodb-recovery.html
InnoDB: for more information.
2017-06-27 15:12:12 1f64 InnoDB: Error: page 476 log sequence number 17364588
InnoDB: is in the future! Current system log sequence number 17359899.
InnoDB: Your database may be corrupt or you may have copied the InnoDB
InnoDB: tablespace but not the InnoDB log files. See
InnoDB: http://dev.mysql.com/doc/refman/5.6/en/forcing-innodb-recovery.html
InnoDB: for more information.
2017-06-27 15:12:12 1f64 InnoDB: Error: page 200 log sequence number 17364588
InnoDB: is in the future! Current system log sequence number 17360660.
InnoDB: Your database may be corrupt or you may have copied the InnoDB
InnoDB: tablespace but not the InnoDB log files. See
InnoDB: http://dev.mysql.com/doc/refman/5.6/en/forcing-innodb-recovery.html
InnoDB: for more information.
2017-06-27 15:16:52 33fc InnoDB: Error: page 351 log sequence number 17371305
InnoDB: is in the future! Current system log sequence number 17360887.
InnoDB: Your database may be corrupt or you may have copied the InnoDB
InnoDB: tablespace but not the InnoDB log files. See
InnoDB: http://dev.mysql.com/doc/refman/5.6/en/forcing-innodb-recovery.html
InnoDB: for more information.
2017-06-27 15:16:52 3070 InnoDB: Error: page 509 log sequence number 17374861
InnoDB: is in the future! Current system log sequence number 17361009.
InnoDB: Your database may be corrupt or you may have copied the InnoDB
InnoDB: tablespace but not the InnoDB log files. See
InnoDB: http://dev.mysql.com/doc/refman/5.6/en/forcing-innodb-recovery.html
InnoDB: for more information.
2017-06-27 15:16:52 3070 InnoDB: Error: page 204 log sequence number 17374861
InnoDB: is in the future! Current system log sequence number 17361262.
InnoDB: Your database may be corrupt or you may have copied the InnoDB
InnoDB: tablespace but not the InnoDB log files. See
InnoDB: http://dev.mysql.com/doc/refman/5.6/en/forcing-innodb-recovery.html
InnoDB: for more information.
2017-06-27 15:16:52 3070 InnoDB: Error: page 337 log sequence number 17375184
InnoDB: is in the future! Current system log sequence number 17361354.
InnoDB: Your database may be corrupt or you may have copied the InnoDB
InnoDB: tablespace but not the InnoDB log files. See
InnoDB: http://dev.mysql.com/doc/refman/5.6/en/forcing-innodb-recovery.html
InnoDB: for more information.
2017-06-27 15:16:52 3070 InnoDB: Error: page 205 log sequence number 17375184
InnoDB: is in the future! Current system log sequence number 17362293.
InnoDB: Your database may be corrupt or you may have copied the InnoDB
InnoDB: tablespace but not the InnoDB log files. See
InnoDB: http://dev.mysql.com/doc/refman/5.6/en/forcing-innodb-recovery.html
InnoDB: for more information.
2017-06-27 15:19:16 3070 InnoDB: Error: page 484 log sequence number 17392239
InnoDB: is in the future! Current system log sequence number 17362998.
InnoDB: Your database may be corrupt or you may have copied the InnoDB
InnoDB: tablespace but not the InnoDB log files. See
InnoDB: http://dev.mysql.com/doc/refman/5.6/en/forcing-innodb-recovery.html
InnoDB: for more information.
2017-06-27 15:20:50 1f64 InnoDB: Error: page 503 log sequence number 17380676
InnoDB: is in the future! Current system log sequence number 17364909.
InnoDB: Your database may be corrupt or you may have copied the InnoDB
InnoDB: tablespace but not the InnoDB log files. See
InnoDB: http://dev.mysql.com/doc/refman/5.6/en/forcing-innodb-recovery.html
InnoDB: for more information.
2017-06-27 15:20:50 1f64 InnoDB: Error: page 212 log sequence number 17380676
InnoDB: is in the future! Current system log sequence number 17365686.
InnoDB: Your database may be corrupt or you may have copied the InnoDB
InnoDB: tablespace but not the InnoDB log files. See
InnoDB: http://dev.mysql.com/doc/refman/5.6/en/forcing-innodb-recovery.html
InnoDB: for more information.
2017-06-27 15:21:08 33fc InnoDB: Error: page 0 log sequence number 17387454
InnoDB: is in the future! Current system log sequence number 17365785.
InnoDB: Your database may be corrupt or you may have copied the InnoDB
InnoDB: tablespace but not the InnoDB log files. See
InnoDB: http://dev.mysql.com/doc/refman/5.6/en/forcing-innodb-recovery.html
InnoDB: for more information.
2017-06-27 15:21:08 33fc InnoDB: Error: page 4 log sequence number 17389389
InnoDB: is in the future! Current system log sequence number 17365785.
InnoDB: Your database may be corrupt or you may have copied the InnoDB
InnoDB: tablespace but not the InnoDB log files. See
InnoDB: http://dev.mysql.com/doc/refman/5.6/en/forcing-innodb-recovery.html
InnoDB: for more information.
2017-06-27 15:24:40 33fc InnoDB: Error: page 365 log sequence number 17387461
InnoDB: is in the future! Current system log sequence number 17367500.
InnoDB: Your database may be corrupt or you may have copied the InnoDB
InnoDB: tablespace but not the InnoDB log files. See
InnoDB: http://dev.mysql.com/doc/refman/5.6/en/forcing-innodb-recovery.html
InnoDB: for more information.
2017-06-27 15:25:04 33fc InnoDB: Error: page 495 log sequence number 17391455
InnoDB: is in the future! Current system log sequence number 17367632.
InnoDB: Your database may be corrupt or you may have copied the InnoDB
InnoDB: tablespace but not the InnoDB log files. See
InnoDB: http://dev.mysql.com/doc/refman/5.6/en/forcing-innodb-recovery.html
InnoDB: for more information.
2017-06-27 15:25:04 33fc InnoDB: Error: page 219 log sequence number 17391455
InnoDB: is in the future! Current system log sequence number 17368394.
InnoDB: Your database may be corrupt or you may have copied the InnoDB
InnoDB: tablespace but not the InnoDB log files. See
InnoDB: http://dev.mysql.com/doc/refman/5.6/en/forcing-innodb-recovery.html
InnoDB: for more information.
2017-06-27 15:25:28 33fc InnoDB: Error: page 477 log sequence number 17395568
InnoDB: is in the future! Current system log sequence number 17368493.
InnoDB: Your database may be corrupt or you may have copied the InnoDB
InnoDB: tablespace but not the InnoDB log files. See
InnoDB: http://dev.mysql.com/doc/refman/5.6/en/forcing-innodb-recovery.html
InnoDB: for more information.
2017-06-27 15:25:28 33fc InnoDB: Error: page 221 log sequence number 17395568
InnoDB: is in the future! Current system log sequence number 17369271.
InnoDB: Your database may be corrupt or you may have copied the InnoDB
InnoDB: tablespace but not the InnoDB log files. See
InnoDB: http://dev.mysql.com/doc/refman/5.6/en/forcing-innodb-recovery.html
InnoDB: for more information.
2017-06-27 15:29:30 3070 InnoDB: Error: page 335 log sequence number 17397647
InnoDB: is in the future! Current system log sequence number 17369838.
InnoDB: Your database may be corrupt or you may have copied the InnoDB
InnoDB: tablespace but not the InnoDB log files. See
InnoDB: http://dev.mysql.com/doc/refman/5.6/en/forcing-innodb-recovery.html
InnoDB: for more information.
2017-06-27 15:29:30 3070 InnoDB: Error: page 226 log sequence number 17397647
InnoDB: is in the future! Current system log sequence number 17370780.
InnoDB: Your database may be corrupt or you may have copied the InnoDB
InnoDB: tablespace but not the InnoDB log files. See
InnoDB: http://dev.mysql.com/doc/refman/5.6/en/forcing-innodb-recovery.html
InnoDB: for more information.
2017-06-27 15:30:00 3070 InnoDB: Error: page 480 log sequence number 17398576
InnoDB: is in the future! Current system log sequence number 17371396.
InnoDB: Your database may be corrupt or you may have copied the InnoDB
InnoDB: tablespace but not the InnoDB log files. See
InnoDB: http://dev.mysql.com/doc/refman/5.6/en/forcing-innodb-recovery.html
InnoDB: for more information.
2017-06-27 15:30:00 3070 InnoDB: Error: page 229 log sequence number 17398576
InnoDB: is in the future! Current system log sequence number 17372314.
InnoDB: Your database may be corrupt or you may have copied the InnoDB
InnoDB: tablespace but not the InnoDB log files. See
InnoDB: http://dev.mysql.com/doc/refman/5.6/en/forcing-innodb-recovery.html
InnoDB: for more information.
2017-06-27 15:35:53 33fc InnoDB: Error: page 380 log sequence number 17406671
InnoDB: is in the future! Current system log sequence number 17373283.
InnoDB: Your database may be corrupt or you may have copied the InnoDB
InnoDB: tablespace but not the InnoDB log files. See
InnoDB: http://dev.mysql.com/doc/refman/5.6/en/forcing-innodb-recovery.html
InnoDB: for more information.
2017-06-27 15:45:40 33fc InnoDB: Error: page 488 log sequence number 17411093
InnoDB: is in the future! Current system log sequence number 17374943.
InnoDB: Your database may be corrupt or you may have copied the InnoDB
InnoDB: tablespace but not the InnoDB log files. See
InnoDB: http://dev.mysql.com/doc/refman/5.6/en/forcing-innodb-recovery.html
InnoDB: for more information.
2017-06-27 15:45:40 33fc InnoDB: Error: page 240 log sequence number 17411093
InnoDB: is in the future! Current system log sequence number 17376107.
InnoDB: Your database may be corrupt or you may have copied the InnoDB
InnoDB: tablespace but not the InnoDB log files. See
InnoDB: http://dev.mysql.com/doc/refman/5.6/en/forcing-innodb-recovery.html
InnoDB: for more information.
2017-06-27 15:45:40 33fc InnoDB: Error: page 567 log sequence number 17412565
InnoDB: is in the future! Current system log sequence number 17377141.
InnoDB: Your database may be corrupt or you may have copied the InnoDB
InnoDB: tablespace but not the InnoDB log files. See
InnoDB: http://dev.mysql.com/doc/refman/5.6/en/forcing-innodb-recovery.html
InnoDB: for more information.
2017-06-27 15:45:40 33fc InnoDB: Error: page 247 log sequence number 17412565
InnoDB: is in the future! Current system log sequence number 17377249.
InnoDB: Your database may be corrupt or you may have copied the InnoDB
InnoDB: tablespace but not the InnoDB log files. See
InnoDB: http://dev.mysql.com/doc/refman/5.6/en/forcing-innodb-recovery.html
InnoDB: for more information.
2017-06-27 15:45:40 33fc InnoDB: Error: page 574 log sequence number 17412919
InnoDB: is in the future! Current system log sequence number 17377379.
InnoDB: Your database may be corrupt or you may have copied the InnoDB
InnoDB: tablespace but not the InnoDB log files. See
InnoDB: http://dev.mysql.com/doc/refman/5.6/en/forcing-innodb-recovery.html
InnoDB: for more information.
2017-06-27 15:45:40 33fc InnoDB: Error: page 248 log sequence number 17412919
InnoDB: is in the future! Current system log sequence number 17377487.
InnoDB: Your database may be corrupt or you may have copied the InnoDB
InnoDB: tablespace but not the InnoDB log files. See
InnoDB: http://dev.mysql.com/doc/refman/5.6/en/forcing-innodb-recovery.html
InnoDB: for more information.
2017-06-27 15:45:40 33fc InnoDB: Error: page 561 log sequence number 17414825
InnoDB: is in the future! Current system log sequence number 17377601.
InnoDB: Your database may be corrupt or you may have copied the InnoDB
InnoDB: tablespace but not the InnoDB log files. See
InnoDB: http://dev.mysql.com/doc/refman/5.6/en/forcing-innodb-recovery.html
InnoDB: for more information.
2017-06-27 15:45:40 33fc InnoDB: Error: page 249 log sequence number 17414825
InnoDB: is in the future! Current system log sequence number 17377709.
InnoDB: Your database may be corrupt or you may have copied the InnoDB
InnoDB: tablespace but not the InnoDB log files. See
InnoDB: http://dev.mysql.com/doc/refman/5.6/en/forcing-innodb-recovery.html
InnoDB: for more information.
2017-06-27 15:45:40 33fc InnoDB: Error: page 251 log sequence number 17415778
InnoDB: is in the future! Current system log sequence number 17378061.
InnoDB: Your database may be corrupt or you may have copied the InnoDB
InnoDB: tablespace but not the InnoDB log files. See
InnoDB: http://dev.mysql.com/doc/refman/5.6/en/forcing-innodb-recovery.html
InnoDB: for more information.
2017-06-27 15:45:40 33fc InnoDB: Error: page 602 log sequence number 17415778
InnoDB: is in the future! Current system log sequence number 17378919.
InnoDB: Your database may be corrupt or you may have copied the InnoDB
InnoDB: tablespace but not the InnoDB log files. See
InnoDB: http://dev.mysql.com/doc/refman/5.6/en/forcing-innodb-recovery.html
InnoDB: for more information.
2017-06-27 22:39:14 36dc InnoDB: Error: page 232 log sequence number 17406671
InnoDB: is in the future! Current system log sequence number 17398533.
InnoDB: Your database may be corrupt or you may have copied the InnoDB
InnoDB: tablespace but not the InnoDB log files. See
InnoDB: http://dev.mysql.com/doc/refman/5.6/en/forcing-innodb-recovery.html
InnoDB: for more information.
2017-06-27 22:39:14 36dc InnoDB: Error: page 621 log sequence number 17406671
InnoDB: is in the future! Current system log sequence number 17398533.
InnoDB: Your database may be corrupt or you may have copied the InnoDB
InnoDB: tablespace but not the InnoDB log files. See
InnoDB: http://dev.mysql.com/doc/refman/5.6/en/forcing-innodb-recovery.html
InnoDB: for more information.
2017-06-27 22:39:14 36dc InnoDB: Error: page 233 log sequence number 17406996
InnoDB: is in the future! Current system log sequence number 17398645.
InnoDB: Your database may be corrupt or you may have copied the InnoDB
InnoDB: tablespace but not the InnoDB log files. See
InnoDB: http://dev.mysql.com/doc/refman/5.6/en/forcing-innodb-recovery.html
InnoDB: for more information.
2017-06-27 22:39:14 36dc InnoDB: Error: page 552 log sequence number 17406996
InnoDB: is in the future! Current system log sequence number 17398858.
InnoDB: Your database may be corrupt or you may have copied the InnoDB
InnoDB: tablespace but not the InnoDB log files. See
InnoDB: http://dev.mysql.com/doc/refman/5.6/en/forcing-innodb-recovery.html
InnoDB: for more information.
2017-06-27 22:39:14 36dc InnoDB: Error: page 234 log sequence number 17407934
InnoDB: is in the future! Current system log sequence number 17398858.
InnoDB: Your database may be corrupt or you may have copied the InnoDB
InnoDB: tablespace but not the InnoDB log files. See
InnoDB: http://dev.mysql.com/doc/refman/5.6/en/forcing-innodb-recovery.html
InnoDB: for more information.
2017-06-27 22:39:14 36dc InnoDB: Error: page 591 log sequence number 17407934
InnoDB: is in the future! Current system log sequence number 17398858.
InnoDB: Your database may be corrupt or you may have copied the InnoDB
InnoDB: tablespace but not the InnoDB log files. See
InnoDB: http://dev.mysql.com/doc/refman/5.6/en/forcing-innodb-recovery.html
InnoDB: for more information.
2017-06-27 22:39:14 36dc InnoDB: Error: page 235 log sequence number 17409812
InnoDB: is in the future! Current system log sequence number 17399054.
InnoDB: Your database may be corrupt or you may have copied the InnoDB
InnoDB: tablespace but not the InnoDB log files. See
InnoDB: http://dev.mysql.com/doc/refman/5.6/en/forcing-innodb-recovery.html
InnoDB: for more information.
2017-06-27 22:39:14 36dc InnoDB: Error: page 491 log sequence number 17409812
InnoDB: is in the future! Current system log sequence number 17399054.
InnoDB: Your database may be corrupt or you may have copied the InnoDB
InnoDB: tablespace but not the InnoDB log files. See
InnoDB: http://dev.mysql.com/doc/refman/5.6/en/forcing-innodb-recovery.html
InnoDB: for more information.
2017-06-27 22:39:26 1f64 InnoDB: Error: page 3 log sequence number 17414877
InnoDB: is in the future! Current system log sequence number 17402171.
InnoDB: Your database may be corrupt or you may have copied the InnoDB
InnoDB: tablespace but not the InnoDB log files. See
InnoDB: http://dev.mysql.com/doc/refman/5.6/en/forcing-innodb-recovery.html
InnoDB: for more information.
2017-06-27 22:39:26 1f64 InnoDB: Error: page 1 log sequence number 17403377
InnoDB: is in the future! Current system log sequence number 17402171.
InnoDB: Your database may be corrupt or you may have copied the InnoDB
InnoDB: tablespace but not the InnoDB log files. See
InnoDB: http://dev.mysql.com/doc/refman/5.6/en/forcing-innodb-recovery.html
InnoDB: for more information.
2017-06-27 22:40:55 1f64 InnoDB: Error: page 0 log sequence number 17404602
InnoDB: is in the future! Current system log sequence number 17403188.
InnoDB: Your database may be corrupt or you may have copied the InnoDB
InnoDB: tablespace but not the InnoDB log files. See
InnoDB: http://dev.mysql.com/doc/refman/5.6/en/forcing-innodb-recovery.html
InnoDB: for more information.
2017-06-28 08:58:02 33f8 InnoDB: Error: page 4 log sequence number 17414839
InnoDB: is in the future! Current system log sequence number 17410594.
InnoDB: Your database may be corrupt or you may have copied the InnoDB
InnoDB: tablespace but not the InnoDB log files. See
InnoDB: http://dev.mysql.com/doc/refman/5.6/en/forcing-innodb-recovery.html
InnoDB: for more information.
